<?xml version="1.0" encoding="UTF-8"?>
<!-- Generated by org.testng.reporters.JUnitReportReporter -->
<testsuite hostname="samuel-andoh" name="pageFactoryTest.eLoginPageTest" tests="1" failures="0" timestamp="9 May 2016 02:02:22 GMT" time="119.527" errors="0">
  <testcase name="parameterTestData" time="119.527" classname="pageFactoryTest.eLoginPageTest"/>
</testsuite> <!-- pageFactoryTest.eLoginPageTest -->
