<?xml version="1.0" encoding="UTF-8"?>
<!-- Generated by org.testng.reporters.JUnitReportReporter -->
<testsuite hostname="samuel-andoh" name="pageFactoryTest.LoginPageTest" tests="2" failures="0" timestamp="30 Apr 2016 03:22:20 GMT" time="16.099" errors="0">
  <testcase name="bingSearchTest1" time="11.824" classname="pageFactoryTest.LoginPageTest"/>
  <testcase name="bingSearchTest" time="4.275" classname="pageFactoryTest.LoginPageTest"/>
</testsuite> <!-- pageFactoryTest.LoginPageTest -->
