<?xml version="1.0" encoding="UTF-8"?>
<!-- Generated by org.testng.reporters.JUnitReportReporter -->
<testsuite hostname="samuel-andoh" name="pageFactoryTest.LoginPageTest" tests="1" failures="0" timestamp="2 May 2016 03:36:07 GMT" time="110.428" errors="0">
  <testcase name="parameter" time="110.428" classname="pageFactoryTest.LoginPageTest"/>
</testsuite> <!-- pageFactoryTest.LoginPageTest -->
