<?xml version="1.0" encoding="UTF-8"?>
<!-- Generated by org.testng.reporters.JUnitReportReporter -->
<testsuite hostname="samuel-andoh" name="pageFactoryTest.aLoginPageTest" tests="1" failures="0" timestamp="5 May 2016 03:48:11 GMT" time="111.883" errors="0">
  <testcase name="parameterTestData" time="111.883" classname="pageFactoryTest.aLoginPageTest"/>
</testsuite> <!-- pageFactoryTest.aLoginPageTest -->
