<?xml version="1.0" encoding="UTF-8"?>
<!-- Generated by org.testng.reporters.JUnitReportReporter -->
<testsuite hostname="samuel-andoh" name="pageFactoryTest.mApp" tests="2" failures="0" timestamp="5 May 2016 03:48:11 GMT" time="18.924" errors="0">
  <testcase name="bingSearchTest1" time="4.735" classname="pageFactoryTest.mApp"/>
  <testcase name="bingSearchTest2" time="14.189" classname="pageFactoryTest.mApp"/>
</testsuite> <!-- pageFactoryTest.mApp -->
