<?xml version="1.0" encoding="UTF-8"?>
<!-- Generated by org.testng.reporters.JUnitReportReporter -->
<testsuite hostname="samuel-andoh" name="pageFactoryTest.LoginPageTest" tests="1" failures="0" timestamp="5 May 2016 03:16:38 GMT" time="133.923" errors="0">
  <testcase name="parameterTestData" time="133.923" classname="pageFactoryTest.LoginPageTest"/>
</testsuite> <!-- pageFactoryTest.LoginPageTest -->
