<?xml version="1.0" encoding="UTF-8"?>
<!-- Generated by org.testng.reporters.JUnitReportReporter -->
<testsuite hostname="samuel-andoh" name="pageFactoryTest.LoginPageTest" tests="1" failures="0" timestamp="28 Apr 2016 06:55:40 GMT" time="2.436" errors="0">
  <testcase name="bingSearchTest" time="2.436" classname="pageFactoryTest.LoginPageTest"/>
</testsuite> <!-- pageFactoryTest.LoginPageTest -->
