<?xml version="1.0" encoding="UTF-8"?>
<!-- Generated by org.testng.reporters.JUnitReportReporter -->
<testsuite hostname="samuel-andoh" name="pageFactoryTest.LoginPageTest2" tests="1" failures="0" timestamp="5 May 2016 03:11:10 GMT" time="10.214" errors="0">
  <testcase name="bingSearchTest1" time="10.214" classname="pageFactoryTest.LoginPageTest2"/>
</testsuite> <!-- pageFactoryTest.LoginPageTest2 -->
