<?xml version="1.0" encoding="UTF-8"?>
<!-- Generated by org.testng.reporters.JUnitReportReporter -->
<testsuite hostname="samuel-andoh" name="pageFactoryTest.mApp" tests="1" failures="0" timestamp="5 May 2016 03:16:38 GMT" time="10.793" errors="0">
  <testcase name="bingSearchTest1" time="10.793" classname="pageFactoryTest.mApp"/>
</testsuite> <!-- pageFactoryTest.mApp -->
