<?xml version="1.0" encoding="UTF-8"?>
<!-- Generated by org.testng.reporters.JUnitReportReporter -->
<testsuite hostname="samuel-andoh" name="pageFactoryTest.cAppTest" tests="1" failures="0" timestamp="10 May 2016 04:30:20 GMT" time="14.945" errors="0">
  <testcase name="bingSearchTest2" time="14.945" classname="pageFactoryTest.cAppTest"/>
</testsuite> <!-- pageFactoryTest.cAppTest -->
