<?xml version="1.0" encoding="UTF-8"?>
<!-- Generated by org.testng.reporters.JUnitReportReporter -->
<testsuite hostname="samuel-andoh" name="pageFactoryTest.bAppTest" tests="1" failures="0" timestamp="5 May 2016 23:25:06 GMT" time="15.165" errors="0">
  <testcase name="bingSearchTest1" time="15.165" classname="pageFactoryTest.bAppTest"/>
</testsuite> <!-- pageFactoryTest.bAppTest -->
