<?xml version="1.0" encoding="UTF-8"?>
<!-- Generated by org.testng.reporters.JUnitReportReporter -->
<testsuite hostname="samuel-andoh" name="pageFactoryTest.cAppTest" tests="1" failures="0" timestamp="10 May 2016 02:47:05 GMT" time="26.142" errors="0">
  <testcase name="bingSearchTest2" time="26.142" classname="pageFactoryTest.cAppTest"/>
</testsuite> <!-- pageFactoryTest.cAppTest -->
