<?xml version="1.0" encoding="UTF-8"?>
<!-- Generated by org.testng.reporters.JUnitReportReporter -->
<testsuite hostname="samuel-andoh" name="pageFactoryTest.cAppTest" tests="1" failures="0" timestamp="7 May 2016 11:41:07 GMT" time="15.358" errors="0">
  <testcase name="bingSearchTest2" time="15.358" classname="pageFactoryTest.cAppTest"/>
</testsuite> <!-- pageFactoryTest.cAppTest -->
