<?xml version="1.0" encoding="UTF-8"?>
<!-- Generated by org.testng.reporters.JUnitReportReporter -->
<testsuite hostname="samuel-andoh" name="pageFactoryTest.bAppTest" tests="1" failures="0" timestamp="9 May 2016 02:37:42 GMT" time="17.231" errors="0">
  <testcase name="bingSearchTest1" time="17.231" classname="pageFactoryTest.bAppTest"/>
</testsuite> <!-- pageFactoryTest.bAppTest -->
