<?xml version="1.0" encoding="UTF-8"?>
<!-- Generated by org.testng.reporters.JUnitReportReporter -->
<testsuite hostname="samuel-andoh" name="pageFactoryTest.bAppTest" tests="1" failures="0" timestamp="9 May 2016 03:14:15 GMT" time="19.473" errors="0">
  <testcase name="bingSearchTest1" time="19.473" classname="pageFactoryTest.bAppTest"/>
</testsuite> <!-- pageFactoryTest.bAppTest -->
