<?xml version="1.0" encoding="UTF-8"?>
<!-- Generated by org.testng.reporters.JUnitReportReporter -->
<testsuite hostname="samuel-andoh" name="pageFactoryTest.LoginPageTest" tests="1" failures="0" timestamp="28 Apr 2016 08:09:03 GMT" time="2.654" errors="0">
  <testcase name="bingSearchTest" time="2.654" classname="pageFactoryTest.LoginPageTest"/>
</testsuite> <!-- pageFactoryTest.LoginPageTest -->
