<?xml version="1.0" encoding="UTF-8"?>
<!-- Generated by org.testng.reporters.JUnitReportReporter -->
<testsuite hostname="samuel-andoh" name="pageFactoryTest.cAppTest" tests="1" failures="0" timestamp="6 May 2016 14:04:08 GMT" time="15.556" errors="0">
  <testcase name="bingSearchTest2" time="15.556" classname="pageFactoryTest.cAppTest"/>
</testsuite> <!-- pageFactoryTest.cAppTest -->
