<?xml version="1.0" encoding="UTF-8"?>
<!-- Generated by org.testng.reporters.JUnitReportReporter -->
<testsuite hostname="samuel-andoh" name="pageFactoryTest.cAppTest" tests="1" failures="0" timestamp="9 May 2016 04:37:24 GMT" time="16.024" errors="0">
  <testcase name="bingSearchTest2" time="16.024" classname="pageFactoryTest.cAppTest"/>
</testsuite> <!-- pageFactoryTest.cAppTest -->
