<?xml version="1.0" encoding="UTF-8"?>
<!-- Generated by org.testng.reporters.JUnitReportReporter -->
<testsuite hostname="samuel-andoh" name="pageFactoryTest.bAppTest" tests="1" failures="0" timestamp="10 May 2016 04:30:20 GMT" time="18.568" errors="0">
  <testcase name="bingSearchTest1" time="18.568" classname="pageFactoryTest.bAppTest"/>
</testsuite> <!-- pageFactoryTest.bAppTest -->
