<?xml version="1.0" encoding="UTF-8"?>
<!-- Generated by org.testng.reporters.JUnitReportReporter -->
<testsuite hostname="samuel-andoh" name="pageFactoryTest.aLoginPageTest" tests="1" failures="0" timestamp="5 May 2016 04:21:54 GMT" time="131.152" errors="0">
  <testcase name="parameterTestData" time="131.152" classname="pageFactoryTest.aLoginPageTest"/>
</testsuite> <!-- pageFactoryTest.aLoginPageTest -->
