<?xml version="1.0" encoding="UTF-8"?>
<!-- Generated by org.testng.reporters.JUnitReportReporter -->
<testsuite hostname="samuel-andoh" name="pageFactoryTest.aLoginPageTest" tests="1" failures="0" timestamp="6 May 2016 07:46:04 GMT" time="155.720" errors="0">
  <testcase name="parameterTestData" time="155.720" classname="pageFactoryTest.aLoginPageTest"/>
</testsuite> <!-- pageFactoryTest.aLoginPageTest -->
