<?xml version="1.0" encoding="UTF-8"?>
<!-- Generated by org.testng.reporters.JUnitReportReporter -->
<testsuite hostname="samuel-andoh" name="pageFactoryTest.eLoginPageTest" tests="1" failures="0" timestamp="9 May 2016 02:37:42 GMT" time="127.708" errors="0">
  <testcase name="parameterTestData" time="127.708" classname="pageFactoryTest.eLoginPageTest"/>
</testsuite> <!-- pageFactoryTest.eLoginPageTest -->
