<?xml version="1.0" encoding="UTF-8"?>
<!-- Generated by org.testng.reporters.JUnitReportReporter -->
<testsuite hostname="samuel-andoh" name="pageFactoryTest.bAppTest" tests="1" failures="0" timestamp="7 May 2016 11:41:07 GMT" time="22.917" errors="0">
  <testcase name="bingSearchTest1" time="22.917" classname="pageFactoryTest.bAppTest"/>
</testsuite> <!-- pageFactoryTest.bAppTest -->
