<?xml version="1.0" encoding="UTF-8"?>
<!-- Generated by org.testng.reporters.JUnitReportReporter -->
<testsuite hostname="samuel-andoh" name="pageFactoryTest.aLoginPageTest" tests="1" failures="0" timestamp="5 May 2016 23:25:06 GMT" time="114.855" errors="0">
  <testcase name="parameterTestData" time="114.855" classname="pageFactoryTest.aLoginPageTest"/>
</testsuite> <!-- pageFactoryTest.aLoginPageTest -->
